[debug] > Exec(;set _root_.scala.collection.Seq(historyPath := None,shellPrompt := { _ => "" },SettingKey[_root_.scala.Option[_root_.sbt.File]]("sbtStructureOutputFile") in _root_.sbt.Global := _root_.scala.Some(_root_.sbt.file("C:/Users/dassy/AppData/Local/Temp/sbt-structure.xml")),SettingKey[_root_.java.lang.String]("sbtStructureOptions") in _root_.sbt.Global := "download, resolveClassifiers");apply -cp "C:/Users/dassy/AppData/Roaming/JetBrains/IdeaIC2020.2/plugins/Scala/repo/org.jetbrains/sbt-structure-extractor/scala_2.12/sbt_1.0/2018.2.1+4-88400d3f/jars/sbt-structure-extractor.jar" org.jetbrains.sbt.CreateTasks;*/*:dumpStructure, Some(764c6ca8-ef30-42bc-856d-7ff1bca515d0), Some(CommandSource(console0)))
[debug] > Exec(set _root_.scala.collection.Seq(historyPath := None,shellPrompt := { _ => "" },SettingKey[_root_.scala.Option[_root_.sbt.File]]("sbtStructureOutputFile") in _root_.sbt.Global := _root_.scala.Some(_root_.sbt.file("C:/Users/dassy/AppData/Local/Temp/sbt-structure.xml")),SettingKey[_root_.java.lang.String]("sbtStructureOptions") in _root_.sbt.Global := "download, resolveClassifiers"), None, Some(CommandSource(console0)))
[info] Defining Global / sbtStructureOptions, Global / sbtStructureOutputFile and 1 others.
[info] The new values will be used by cleanKeepGlobs
[info] 	Run `last` for details.
[debug] Defining 
[debug] 	Global / sbtStructureOptions
[debug] 	Global / sbtStructureOutputFile
[debug] 	history
[debug] 	shellPrompt
[debug] 
[debug] The new values will be used by 
[debug] 	cleanKeepGlobs
[info] Reapplying settings...
[info] set current project to untitled2 (in build file:/D:/microserviceTP/TPData/)
[debug] > Exec(apply -cp "C:/Users/dassy/AppData/Roaming/JetBrains/IdeaIC2020.2/plugins/Scala/repo/org.jetbrains/sbt-structure-extractor/scala_2.12/sbt_1.0/2018.2.1+4-88400d3f/jars/sbt-structure-extractor.jar" org.jetbrains.sbt.CreateTasks, None, Some(CommandSource(console0)))
[info] Applying State transformations org.jetbrains.sbt.CreateTasks from C:/Users/dassy/AppData/Roaming/JetBrains/IdeaIC2020.2/plugins/Scala/repo/org.jetbrains/sbt-structure-extractor/scala_2.12/sbt_1.0/2018.2.1+4-88400d3f/jars/sbt-structure-extractor.jar
[info] Reapplying settings...
[info] set current project to untitled2 (in build file:/D:/microserviceTP/TPData/)
[debug] > Exec(*/*:dumpStructure, None, Some(CommandSource(console0)))
[debug] Evaluating tasks: Global / dumpStructure
[debug] Running task... Cancel: Signal, check cycles: false, forcegc: true
[warn] 
[warn] 	Note: Unresolved dependencies path:
[error] sbt.librarymanagement.ResolveException: Error downloading com.spark.mail:Email_2.11:0.0.1
[error]   Not found
[error]   Not found
[error]   not found: C:\Users\dassy\.ivy2\local\com.spark.mail\Email_2.11\0.0.1\ivys\ivy.xml
[error]   not found: https://repo1.maven.org/maven2/com/spark/mail/Email_2.11/0.0.1/Email_2.11-0.0.1.pom
[error]   not found: https://jars.kaliber.io/artifactory/libs-release-local/com/spark/mail/Email_2.11/0.0.1/Email_2.11-0.0.1.pom
[error] Error downloading com.typesafe:play-plugins-mailer_2.11:2.1-RC2
[error]   Not found
[error]   Not found
[error]   not found: C:\Users\dassy\.ivy2\local\com.typesafe\play-plugins-mailer_2.11\2.1-RC2\ivys\ivy.xml
[error]   not found: https://repo1.maven.org/maven2/com/typesafe/play-plugins-mailer_2.11/2.1-RC2/play-plugins-mailer_2.11-2.1-RC2.pom
[error]   not found: https://jars.kaliber.io/artifactory/libs-release-local/com/typesafe/play-plugins-mailer_2.11/2.1-RC2/play-plugins-mailer_2.11-2.1-RC2.pom
[error] 	at lmcoursier.CoursierDependencyResolution.unresolvedWarningOrThrow(CoursierDependencyResolution.scala:258)
[error] 	at lmcoursier.CoursierDependencyResolution.$anonfun$update$38(CoursierDependencyResolution.scala:227)
[error] 	at scala.util.Either$LeftProjection.map(Either.scala:573)
[error] 	at lmcoursier.CoursierDependencyResolution.update(CoursierDependencyResolution.scala:227)
[error] 	at sbt.librarymanagement.DependencyResolution.update(DependencyResolution.scala:60)
[error] 	at sbt.internal.LibraryManagement$.resolve$1(LibraryManagement.scala:53)
[error] 	at sbt.internal.LibraryManagement$.$anonfun$cachedUpdate$12(LibraryManagement.scala:103)
[error] 	at sbt.util.Tracked$.$anonfun$lastOutput$1(Tracked.scala:73)
[error] 	at sbt.internal.LibraryManagement$.$anonfun$cachedUpdate$20(LibraryManagement.scala:116)
[error] 	at scala.util.control.Exception$Catch.apply(Exception.scala:228)
[error] 	at sbt.internal.LibraryManagement$.$anonfun$cachedUpdate$11(LibraryManagement.scala:116)
[error] 	at sbt.internal.LibraryManagement$.$anonfun$cachedUpdate$11$adapted(LibraryManagement.scala:97)
[error] 	at sbt.util.Tracked$.$anonfun$inputChangedW$1(Tracked.scala:219)
[error] 	at sbt.internal.LibraryManagement$.cachedUpdate(LibraryManagement.scala:130)
[error] 	at sbt.Classpaths$.$anonfun$updateTask0$5(Defaults.scala:3445)
[error] 	at scala.Function1.$anonfun$compose$1(Function1.scala:49)
[error] 	at sbt.internal.util.$tilde$greater.$anonfun$$u2219$1(TypeFunctions.scala:62)
[error] 	at sbt.std.Transform$$anon$4.work(Transform.scala:68)
[error] 	at sbt.Execute.$anonfun$submit$2(Execute.scala:282)
[error] 	at sbt.internal.util.ErrorHandling$.wideConvert(ErrorHandling.scala:23)
[error] 	at sbt.Execute.work(Execute.scala:291)
[error] 	at sbt.Execute.$anonfun$submit$1(Execute.scala:282)
[error] 	at sbt.ConcurrentRestrictions$$anon$4.$anonfun$submitValid$1(ConcurrentRestrictions.scala:265)
[error] 	at sbt.CompletionService$$anon$2.call(CompletionService.scala:64)
[error] 	at java.util.concurrent.FutureTask.run(FutureTask.java:266)
[error] 	at java.util.concurrent.Executors$RunnableAdapter.call(Executors.java:511)
[error] 	at java.util.concurrent.FutureTask.run(FutureTask.java:266)
[error] 	at java.util.concurrent.ThreadPoolExecutor.runWorker(ThreadPoolExecutor.java:1149)
[error] 	at java.util.concurrent.ThreadPoolExecutor$Worker.run(ThreadPoolExecutor.java:624)
[error] 	at java.lang.Thread.run(Thread.java:748)
[error] sbt.librarymanagement.ResolveException: Error downloading com.spark.mail:Email_2.11:0.0.1
[error]   Not found
[error]   Not found
[error]   not found: C:\Users\dassy\.ivy2\local\com.spark.mail\Email_2.11\0.0.1\ivys\ivy.xml
[error]   not found: https://repo1.maven.org/maven2/com/spark/mail/Email_2.11/0.0.1/Email_2.11-0.0.1.pom
[error]   not found: https://jars.kaliber.io/artifactory/libs-release-local/com/spark/mail/Email_2.11/0.0.1/Email_2.11-0.0.1.pom
[error] Error downloading com.typesafe:play-plugins-mailer_2.11:2.1-RC2
[error]   Not found
[error]   Not found
[error]   not found: C:\Users\dassy\.ivy2\local\com.typesafe\play-plugins-mailer_2.11\2.1-RC2\ivys\ivy.xml
[error]   not found: https://repo1.maven.org/maven2/com/typesafe/play-plugins-mailer_2.11/2.1-RC2/play-plugins-mailer_2.11-2.1-RC2.pom
[error]   not found: https://jars.kaliber.io/artifactory/libs-release-local/com/typesafe/play-plugins-mailer_2.11/2.1-RC2/play-plugins-mailer_2.11-2.1-RC2.pom
[error] 	at lmcoursier.CoursierDependencyResolution.unresolvedWarningOrThrow(CoursierDependencyResolution.scala:258)
[error] 	at lmcoursier.CoursierDependencyResolution.$anonfun$update$38(CoursierDependencyResolution.scala:227)
[error] 	at scala.util.Either$LeftProjection.map(Either.scala:573)
[error] 	at lmcoursier.CoursierDependencyResolution.update(CoursierDependencyResolution.scala:227)
[error] 	at sbt.librarymanagement.DependencyResolution.update(DependencyResolution.scala:60)
[error] 	at sbt.internal.LibraryManagement$.resolve$1(LibraryManagement.scala:53)
[error] 	at sbt.internal.LibraryManagement$.$anonfun$cachedUpdate$12(LibraryManagement.scala:103)
[error] 	at sbt.util.Tracked$.$anonfun$lastOutput$1(Tracked.scala:73)
[error] 	at sbt.internal.LibraryManagement$.$anonfun$cachedUpdate$20(LibraryManagement.scala:116)
[error] 	at scala.util.control.Exception$Catch.apply(Exception.scala:228)
[error] 	at sbt.internal.LibraryManagement$.$anonfun$cachedUpdate$11(LibraryManagement.scala:116)
[error] 	at sbt.internal.LibraryManagement$.$anonfun$cachedUpdate$11$adapted(LibraryManagement.scala:97)
[error] 	at sbt.util.Tracked$.$anonfun$inputChangedW$1(Tracked.scala:219)
[error] 	at sbt.internal.LibraryManagement$.cachedUpdate(LibraryManagement.scala:130)
[error] 	at sbt.Classpaths$.$anonfun$updateTask0$5(Defaults.scala:3445)
[error] 	at scala.Function1.$anonfun$compose$1(Function1.scala:49)
[error] 	at sbt.internal.util.$tilde$greater.$anonfun$$u2219$1(TypeFunctions.scala:62)
[error] 	at sbt.std.Transform$$anon$4.work(Transform.scala:68)
[error] 	at sbt.Execute.$anonfun$submit$2(Execute.scala:282)
[error] 	at sbt.internal.util.ErrorHandling$.wideConvert(ErrorHandling.scala:23)
[error] 	at sbt.Execute.work(Execute.scala:291)
[error] 	at sbt.Execute.$anonfun$submit$1(Execute.scala:282)
[error] 	at sbt.ConcurrentRestrictions$$anon$4.$anonfun$submitValid$1(ConcurrentRestrictions.scala:265)
[error] 	at sbt.CompletionService$$anon$2.call(CompletionService.scala:64)
[error] 	at java.util.concurrent.FutureTask.run(FutureTask.java:266)
[error] 	at java.util.concurrent.Executors$RunnableAdapter.call(Executors.java:511)
[error] 	at java.util.concurrent.FutureTask.run(FutureTask.java:266)
[error] 	at java.util.concurrent.ThreadPoolExecutor.runWorker(ThreadPoolExecutor.java:1149)
[error] 	at java.util.concurrent.ThreadPoolExecutor$Worker.run(ThreadPoolExecutor.java:624)
[error] 	at java.lang.Thread.run(Thread.java:748)
[error] (update) sbt.librarymanagement.ResolveException: Error downloading com.spark.mail:Email_2.11:0.0.1
[error]   Not found
[error]   Not found
[error]   not found: C:\Users\dassy\.ivy2\local\com.spark.mail\Email_2.11\0.0.1\ivys\ivy.xml
[error]   not found: https://repo1.maven.org/maven2/com/spark/mail/Email_2.11/0.0.1/Email_2.11-0.0.1.pom
[error]   not found: https://jars.kaliber.io/artifactory/libs-release-local/com/spark/mail/Email_2.11/0.0.1/Email_2.11-0.0.1.pom
[error] Error downloading com.typesafe:play-plugins-mailer_2.11:2.1-RC2
[error]   Not found
[error]   Not found
[error]   not found: C:\Users\dassy\.ivy2\local\com.typesafe\play-plugins-mailer_2.11\2.1-RC2\ivys\ivy.xml
[error]   not found: https://repo1.maven.org/maven2/com/typesafe/play-plugins-mailer_2.11/2.1-RC2/play-plugins-mailer_2.11-2.1-RC2.pom
[error]   not found: https://jars.kaliber.io/artifactory/libs-release-local/com/typesafe/play-plugins-mailer_2.11/2.1-RC2/play-plugins-mailer_2.11-2.1-RC2.pom
[error] (ssExtractDependencies) sbt.librarymanagement.ResolveException: Error downloading com.spark.mail:Email_2.11:0.0.1
[error]   Not found
[error]   Not found
[error]   not found: C:\Users\dassy\.ivy2\local\com.spark.mail\Email_2.11\0.0.1\ivys\ivy.xml
[error]   not found: https://repo1.maven.org/maven2/com/spark/mail/Email_2.11/0.0.1/Email_2.11-0.0.1.pom
[error]   not found: https://jars.kaliber.io/artifactory/libs-release-local/com/spark/mail/Email_2.11/0.0.1/Email_2.11-0.0.1.pom
[error] Error downloading com.typesafe:play-plugins-mailer_2.11:2.1-RC2
[error]   Not found
[error]   Not found
[error]   not found: C:\Users\dassy\.ivy2\local\com.typesafe\play-plugins-mailer_2.11\2.1-RC2\ivys\ivy.xml
[error]   not found: https://repo1.maven.org/maven2/com/typesafe/play-plugins-mailer_2.11/2.1-RC2/play-plugins-mailer_2.11-2.1-RC2.pom
[error]   not found: https://jars.kaliber.io/artifactory/libs-release-local/com/typesafe/play-plugins-mailer_2.11/2.1-RC2/play-plugins-mailer_2.11-2.1-RC2.pom
[error] Total time: 5 s, completed 24 nov. 2020 17:22:28
[debug] > Exec(shell, None, None)
